2026-04-02 12:25:57 [INFO] 模擬器啟動 | 起始本金 1000.00 USDT
2026-04-02 12:25:57 [INFO] 模擬器啟動，檢查間隔 300 秒
2026-04-02 12:25:57 [INFO] ── Tick 開始 12:25:57 ──
2026-04-02 12:25:58 [INFO] 指標 | EMA200=68075.30 EMA20=67168.74 RSI=26.47 MACD_H=-75.218351
2026-04-02 12:25:58 [INFO] 訊號：HOLD | 趨勢偏空：現價 66405.16 < EMA200 68075.30
2026-04-02 12:25:58 [INFO] ── Tick 結束，下次 12:30:58 ──
2026-04-02 12:26:11 [INFO] 模擬器已停止。
2026-04-02 12:26:11 [INFO] 模擬器正常退出。
2026-04-02 12:26:27 [INFO] 模擬器啟動 | 起始本金 1000.00 USDT
2026-04-02 12:26:27 [INFO] 模擬器啟動，檢查間隔 300 秒
2026-04-02 12:26:27 [INFO] ── Tick 開始 12:26:27 ──
2026-04-02 12:26:28 [INFO] 指標 | EMA200=68075.12 EMA20=67166.97 RSI=26.24 MACD_H=-76.408550
2026-04-02 12:26:28 [INFO] 訊號：HOLD | 趨勢偏空：現價 66386.51 < EMA200 68075.12
2026-04-02 12:26:28 [INFO] ── Tick 結束，下次 12:31:28 ──
2026-04-02 12:31:28 [INFO] ── Tick 開始 12:31:28 ──
2026-04-02 12:31:29 [INFO] 指標 | EMA200=68075.59 EMA20=67100.68 RSI=26.95 MACD_H=-60.879390
2026-04-02 12:31:29 [INFO] 訊號：HOLD | 趨勢偏空：現價 66434.16 < EMA200 68075.59
2026-04-02 12:31:29 [INFO] ── Tick 結束，下次 12:36:29 ──
2026-04-02 12:36:29 [INFO] ── Tick 開始 12:36:29 ──
2026-04-02 12:36:30 [INFO] 指標 | EMA200=68075.24 EMA20=67097.27 RSI=26.31 MACD_H=-63.164700
2026-04-02 12:36:30 [INFO] 訊號：HOLD | 趨勢偏空：現價 66398.25 < EMA200 68075.24
2026-04-02 12:36:30 [INFO] ── Tick 結束，下次 12:41:30 ──
2026-04-02 12:41:30 [INFO] ── Tick 開始 12:41:30 ──
2026-04-02 12:41:31 [INFO] 指標 | EMA200=68073.94 EMA20=67084.84 RSI=24.72 MACD_H=-71.489076
2026-04-02 12:41:31 [INFO] 訊號：HOLD | 趨勢偏空：現價 66267.91 < EMA200 68073.94
2026-04-02 12:41:31 [INFO] ── Tick 結束，下次 12:46:31 ──
2026-04-02 12:46:31 [INFO] ── Tick 開始 12:46:31 ──
2026-04-02 12:46:32 [INFO] 指標 | EMA200=68075.07 EMA20=67019.55 RSI=28.41 MACD_H=-54.734905
2026-04-02 12:46:32 [INFO] 訊號：HOLD | 趨勢偏空：現價 66382.04 < EMA200 68075.07
2026-04-02 12:46:32 [INFO] ── Tick 結束，下次 12:51:32 ──
2026-04-02 12:51:32 [INFO] ── Tick 開始 12:51:32 ──
2026-04-02 12:51:33 [INFO] 指標 | EMA200=68074.73 EMA20=67016.24 RSI=27.19 MACD_H=-56.951931
2026-04-02 12:51:33 [INFO] 訊號：HOLD | 趨勢偏空：現價 66347.30 < EMA200 68074.73
2026-04-02 12:51:33 [INFO] ── Tick 結束，下次 12:56:33 ──
2026-04-02 12:56:33 [INFO] ── Tick 開始 12:56:33 ──
2026-04-02 12:56:34 [INFO] 指標 | EMA200=68074.47 EMA20=67013.76 RSI=26.25 MACD_H=-58.619486
2026-04-02 12:56:34 [INFO] 訊號：HOLD | 趨勢偏空：現價 66321.17 < EMA200 68074.47
2026-04-02 12:56:34 [INFO] ── Tick 結束，下次 13:01:34 ──
2026-04-02 13:01:34 [INFO] ── Tick 開始 13:01:34 ──
2026-04-02 13:01:35 [INFO] 指標 | EMA200=68050.60 EMA20=66953.31 RSI=28.13 MACD_H=-40.980611
2026-04-02 13:01:35 [INFO] 訊號：HOLD | 趨勢偏空：現價 66370.85 < EMA200 68050.60
2026-04-02 13:01:35 [INFO] ── Tick 結束，下次 13:06:35 ──
2026-04-02 13:06:35 [INFO] ── Tick 開始 13:06:35 ──
2026-04-02 13:06:36 [INFO] 指標 | EMA200=68051.34 EMA20=66960.39 RSI=30.80 MACD_H=-36.242788
2026-04-02 13:06:36 [INFO] 訊號：HOLD | 趨勢偏空：現價 66445.09 < EMA200 68051.34
2026-04-02 13:06:36 [INFO] ── Tick 結束，下次 13:11:36 ──
2026-04-02 13:11:36 [INFO] ── Tick 開始 13:11:36 ──
2026-04-02 13:11:37 [INFO] 指標 | EMA200=68050.20 EMA20=66949.39 RSI=26.57 MACD_H=-43.607985
2026-04-02 13:11:37 [INFO] 訊號：HOLD | 趨勢偏空：現價 66329.69 < EMA200 68050.20
2026-04-02 13:11:37 [INFO] ── Tick 結束，下次 13:16:37 ──
2026-04-02 13:16:37 [INFO] ── Tick 開始 13:16:37 ──
2026-04-02 13:16:38 [INFO] 指標 | EMA200=68051.51 EMA20=66907.65 RSI=31.58 MACD_H=-18.028665
2026-04-02 13:16:38 [INFO] 訊號：HOLD | 趨勢偏空：現價 66461.65 < EMA200 68051.51
2026-04-02 13:16:38 [INFO] ── Tick 結束，下次 13:21:38 ──
2026-04-02 13:21:38 [INFO] ── Tick 開始 13:21:38 ──
2026-04-02 13:21:39 [INFO] 指標 | EMA200=68050.46 EMA20=66897.59 RSI=28.19 MACD_H=-24.771002
2026-04-02 13:21:39 [INFO] 訊號：HOLD | 趨勢偏空：現價 66356.01 < EMA200 68050.46
2026-04-02 13:21:39 [INFO] ── Tick 結束，下次 13:26:39 ──
2026-04-02 13:26:39 [INFO] ── Tick 開始 13:26:39 ──
2026-04-02 13:26:40 [INFO] 指標 | EMA200=68051.31 EMA20=66905.75 RSI=30.84 MACD_H=-19.304381
2026-04-02 13:26:40 [INFO] 訊號：HOLD | 趨勢偏空：現價 66441.67 < EMA200 68051.31
2026-04-02 13:26:40 [INFO] ── Tick 結束，下次 13:31:40 ──
2026-04-02 13:31:40 [INFO] ── Tick 開始 13:31:40 ──
2026-04-02 13:31:41 [INFO] 指標 | EMA200=68051.33 EMA20=66864.64 RSI=31.51 MACD_H=-0.009461
2026-04-02 13:31:41 [INFO] 訊號：HOLD | 趨勢偏空：現價 66444.11 < EMA200 68051.33
2026-04-02 13:31:41 [INFO] ── Tick 結束，下次 13:36:41 ──
2026-04-02 13:31:54 [INFO] 模擬器已停止。
2026-04-02 13:31:54 [INFO] 模擬器正常退出。
2026-04-02 13:34:30 [INFO] 模擬器啟動 | 起始本金 1000.00 USDT
2026-04-02 13:34:30 [INFO] 模擬器啟動，檢查間隔 300 秒
2026-04-02 13:34:30 [INFO] ── Tick 開始 13:34:30 ──
2026-04-02 13:34:30 [INFO] 指標 | EMA200=68051.65 EMA20=66867.64 RSI=32.09 MACD_H=2.003348
2026-04-02 13:34:30 [INFO] 訊號：HOLD | 趨勢偏空：現價 66475.66 < EMA200 68051.65
2026-04-02 13:34:30 [INFO] ── Tick 結束，下次 13:39:30 ──
2026-04-02 13:39:30 [INFO] ── Tick 開始 13:39:30 ──
2026-04-02 13:39:31 [INFO] 指標 | EMA200=68051.57 EMA20=66866.91 RSI=31.94 MACD_H=1.514505
2026-04-02 13:39:31 [INFO] 訊號：HOLD | 趨勢偏空：現價 66474.02 < EMA200 68051.57
2026-04-02 13:39:31 [INFO] ── Tick 結束，下次 13:44:31 ──
2026-04-02 13:44:31 [INFO] ── Tick 開始 13:44:31 ──
2026-04-02 13:44:32 [INFO] 指標 | EMA200=68052.59 EMA20=66876.62 RSI=35.56 MACD_H=8.024545
2026-04-02 13:44:32 [INFO] 訊號：HOLD | 趨勢偏空：現價 66570.01 < EMA200 68052.59
2026-04-02 13:44:32 [INFO] ── Tick 結束，下次 13:49:32 ──
2026-04-02 13:49:32 [INFO] ── Tick 開始 13:49:32 ──
2026-04-02 13:49:33 [INFO] 指標 | EMA200=68051.80 EMA20=66840.79 RSI=34.18 MACD_H=22.597310
2026-04-02 13:49:33 [INFO] 訊號：HOLD | 趨勢偏空：現價 66491.10 < EMA200 68051.80
2026-04-02 13:49:33 [INFO] ── Tick 結束，下次 13:54:33 ──
2026-04-02 13:54:33 [INFO] ── Tick 開始 13:54:33 ──
2026-04-02 13:54:34 [INFO] 指標 | EMA200=68052.16 EMA20=66844.18 RSI=34.87 MACD_H=24.871772
2026-04-02 13:54:34 [INFO] 訊號：HOLD | 趨勢偏空：現價 66526.73 < EMA200 68052.16
2026-04-02 13:54:34 [INFO] ── Tick 結束，下次 13:59:34 ──
2026-04-02 13:59:34 [INFO] ── Tick 開始 13:59:34 ──
2026-04-02 13:59:35 [INFO] 指標 | EMA200=68052.89 EMA20=66851.19 RSI=36.69 MACD_H=29.571305
2026-04-02 13:59:35 [INFO] 訊號：HOLD | 趨勢偏空：現價 66600.37 < EMA200 68052.89
2026-04-02 13:59:35 [INFO] ── Tick 結束，下次 14:04:35 ──
2026-04-02 14:04:34 [INFO] ── Tick 開始 14:04:34 ──
2026-04-02 14:04:35 [INFO] 指標 | EMA200=68048.11 EMA20=66825.03 RSI=36.12 MACD_H=43.580128
2026-04-02 14:04:35 [INFO] 訊號：HOLD | 趨勢偏空：現價 66584.42 < EMA200 68048.11
2026-04-02 14:04:35 [INFO] ── Tick 結束，下次 14:09:35 ──
2026-04-02 14:09:35 [INFO] ── Tick 開始 14:09:35 ──
2026-04-02 14:09:36 [INFO] 指標 | EMA200=68047.93 EMA20=66823.36 RSI=35.73 MACD_H=42.456299
2026-04-02 14:09:36 [INFO] 訊號：HOLD | 趨勢偏空：現價 66566.81 < EMA200 68047.93
2026-04-02 14:09:36 [INFO] ── Tick 結束，下次 14:14:36 ──
2026-04-02 14:14:36 [INFO] ── Tick 開始 14:14:36 ──
2026-04-02 14:14:37 [INFO] 指標 | EMA200=68048.00 EMA20=66823.99 RSI=35.88 MACD_H=42.877496
2026-04-02 14:14:37 [INFO] 訊號：HOLD | 趨勢偏空：現價 66573.41 < EMA200 68048.00
2026-04-02 14:14:37 [INFO] ── Tick 結束，下次 14:19:37 ──
2026-04-02 14:17:24 [INFO] 模擬器已停止。
2026-04-02 14:17:24 [INFO] 模擬器正常退出。
2026-04-02 14:23:33 [INFO] 模擬器啟動 | 起始本金 10000.00 TWD
2026-04-02 14:23:33 [INFO] 模擬器啟動，檢查間隔 300 秒
2026-04-02 14:23:33 [INFO] ── Tick 開始 14:23:33 ──
2026-04-02 14:23:33 [WARNING] 資料取得失敗，跳過此 Tick：無法取得 K 線資料 (1h)：400 Client Error: Bad Request for url: https://api.binance.com/api/v3/klines?symbol=BTCTWD&interval=1h&limit=220
2026-04-02 14:23:33 [INFO] ── Tick 結束，下次 14:28:33 ──
2026-04-02 14:23:53 [INFO] 模擬器已停止。
2026-04-02 14:23:53 [INFO] 模擬器正常退出。
2026-04-02 14:24:28 [INFO] 模擬器啟動 | 起始本金 10000.00 TWD
2026-04-02 14:24:28 [INFO] 模擬器啟動，檢查間隔 300 秒
2026-04-02 14:24:28 [INFO] ── Tick 開始 14:24:28 ──
2026-04-02 14:24:29 [WARNING] 資料取得失敗，跳過此 Tick：無法取得 K 線資料 (1h)：400 Client Error: Bad Request for url: https://api.binance.com/api/v3/klines?symbol=BTCTWD&interval=1h&limit=220
2026-04-02 14:24:29 [INFO] ── Tick 結束，下次 14:29:29 ──
2026-04-08 12:33:03 [INFO] Simulation loop started | interval=300.00s
2026-04-08 12:43:06 [INFO] BUY | price=71633.01 | btc=0.004365 | fee=0.5010 USDT (taker) | 趨勢、RSI(62.8) 與 MACD 條件同時成立
2026-04-08 12:43:06 [INFO] Entered position | entry_price=71633.01
2026-04-08 17:35:32 [INFO] Simulation loop started | interval=60.00s | source=live
2026-04-08 18:27:35 [INFO] Simulation loop started | interval=10.00s | source=live
2026-04-08 18:27:36 [INFO] BUY | price=71663.04 | btc=0.004373 | fee=0.5022 USDT (taker) | 趨勢、RSI(51.6) 與 MACD 條件同時成立
2026-04-08 18:27:36 [INFO] Entered position | entry_price=71663.04
2026-04-08 18:32:01 [INFO] SELL | price=71615.70 | btc=0.004373 | fee=0.2506 USDT (maker) | MACD 由正轉負：2.021072 -> -0.138150
2026-04-08 18:32:01 [INFO] Exited position
